<?xml version="1.0" encoding="UTF-8"?>
<!-- Generated by org.testng.reporters.JUnitReportReporter -->
<testsuite skipped="0" hostname="LAPTOP-Q5TN9TJB" name="test.LoginPageTest" tests="2" failures="0" timestamp="2020-07-06T21:28:48 IST" time="54.039" errors="0">
  <testcase name="loginTest" time="41.368" classname="test.LoginPageTest"/>
  <system-out/>
  <testcase name="loginPageTitleTest" time="12.671" classname="test.LoginPageTest"/>
  <system-out/>
</testsuite> <!-- test.LoginPageTest -->
