<?xml version="1.0" encoding="UTF-8"?>
<!-- Generated by org.testng.reporters.JUnitReportReporter -->
<testsuite skipped="0" hostname="Harry-pc" name="test.HomePageTest" tests="1" failures="0" timestamp="30 Jun 2020 08:29:34 GMT" time="74.040" errors="0">
  <testcase name="recentOpportunityPageTest" time="74.040" classname="test.HomePageTest"/>
</testsuite> <!-- test.HomePageTest -->
