<?xml version="1.0" encoding="UTF-8"?>
<!-- Generated by org.testng.reporters.JUnitReportReporter -->
<testsuite skipped="0" hostname="Harry-pc" name="test.OpportunityPageTest" tests="1" failures="0" timestamp="29 Jun 2020 09:28:06 GMT" time="89.083" errors="0">
  <testcase name="creditCardSelection" time="89.083" classname="test.OpportunityPageTest"/>
</testsuite> <!-- test.OpportunityPageTest -->
